окт 12, 2017 6:48:27 PM org.apache.catalina.core.ApplicationContext log
INFO: HTMLManager: init: Associated with Deployer 'Catalina:type=Deployer,host=localhost'
окт 12, 2017 6:48:27 PM org.apache.catalina.core.ApplicationContext log
INFO: HTMLManager: init: Global resources are available
окт 12, 2017 6:48:27 PM org.apache.catalina.core.ApplicationContext log
INFO: HTMLManager: list: Listing contexts for virtual host 'localhost'
окт 12, 2017 6:48:31 PM org.apache.catalina.core.ApplicationContext log
INFO: HTMLManager: start: Starting web application '/restFileServer'
окт 12, 2017 6:48:32 PM org.apache.catalina.core.ApplicationContext log
INFO: HTMLManager: list: Listing contexts for virtual host 'localhost'
окт 12, 2017 6:50:20 PM org.apache.catalina.core.ApplicationContext log
INFO: HTMLManager: list: Listing contexts for virtual host 'localhost'
окт 12, 2017 8:54:21 PM org.apache.catalina.core.ApplicationContext log
INFO: HTMLManager: init: Associated with Deployer 'Catalina:type=Deployer,host=localhost'
окт 12, 2017 8:54:21 PM org.apache.catalina.core.ApplicationContext log
INFO: HTMLManager: init: Global resources are available
окт 12, 2017 8:54:21 PM org.apache.catalina.core.ApplicationContext log
INFO: HTMLManager: list: Listing contexts for virtual host 'localhost'
окт 12, 2017 8:54:39 PM org.apache.catalina.core.ApplicationContext log
INFO: HTMLManager: list: Listing contexts for virtual host 'localhost'
окт 12, 2017 8:56:35 PM org.apache.catalina.core.ApplicationContext log
INFO: HTMLManager: init: Associated with Deployer 'Catalina:type=Deployer,host=localhost'
окт 12, 2017 8:56:35 PM org.apache.catalina.core.ApplicationContext log
INFO: HTMLManager: init: Global resources are available
окт 12, 2017 8:56:35 PM org.apache.catalina.core.ApplicationContext log
INFO: HTMLManager: list: Listing contexts for virtual host 'localhost'
окт 12, 2017 8:56:37 PM org.apache.catalina.core.ApplicationContext log
INFO: HTMLManager: list: Listing contexts for virtual host 'localhost'
окт 12, 2017 8:58:27 PM org.apache.catalina.core.ApplicationContext log
INFO: HTMLManager: list: Listing contexts for virtual host 'localhost'
